<?xml version="1.0" encoding="UTF-8"?>
<Site BuildName="(empty)"
	BuildStamp="20230731-0751-Experimental"
	Name="(empty)"
	Generator="ctest-3.22.1"
	CompilerName=""
	CompilerVersion=""
	OSName="Linux"
	Hostname="F230526NT03"
	OSRelease="5.15.90.1-microsoft-standard-WSL2"
	OSVersion="#1 SMP Fri Jan 27 02:56:13 UTC 2023"
	OSPlatform="x86_64"
	Is64Bits="1"
	VendorString="GenuineIntel"
	VendorID="Intel Corporation"
	FamilyID="6"
	ModelID="154"
	ProcessorCacheSize="18432"
	NumberOfLogicalCPU="16"
	NumberOfPhysicalCPU="8"
	TotalVirtualMemory="2048"
	TotalPhysicalMemory="7794"
	LogicalProcessorsPerPhysical="2"
	ProcessorClockFrequency="2496.01"
	>
	<Testing>
		<StartDateTime>Jul 31 17:55 JST</StartDateTime>
		<StartTestTime>1690793727</StartTestTime>
		<TestList/>
		<EndDateTime>Jul 31 17:55 JST</EndDateTime>
		<EndTestTime>1690793727</EndTestTime>
		<ElapsedMinutes>0</ElapsedMinutes>
	</Testing>
</Site>
